<?xml version="1.0" encoding="UTF-8"?>
<!-- Generated by org.testng.reporters.JUnitReportReporter -->
<testsuite skipped="0" hostname="Sam-PC" name="automationTests.ExtentReportsDemoWithTestNG" tests="2" failures="0" timestamp="04 Jan 2019 15:23:23 GMT" time="1.087" errors="0">
  <testcase name="firstTest" time="1.084" classname="automationTests.ExtentReportsDemoWithTestNG"/>
  <testcase name="firstTest2" time="0.003" classname="automationTests.ExtentReportsDemoWithTestNG"/>
</testsuite> <!-- automationTests.ExtentReportsDemoWithTestNG -->
